2024-05-27 19:45:18,806:INFO:Data loaded and merged
2024-05-27 19:45:18,868:INFO:Missing values handled
2024-05-28 14:49:01,111:INFO:Data loaded and merged
2024-05-28 14:49:01,591:INFO:Data loaded and merged
2024-05-28 14:49:01,783:INFO:New features extracted from date column
2024-05-28 14:49:02,206:INFO:Data loaded and merged
2024-05-28 14:49:02,260:INFO:Missing values handled
2024-05-28 19:46:46,243:INFO:Data loaded and merged
2024-05-28 19:46:46,820:INFO:Data loaded and merged
2024-05-28 19:46:47,005:INFO:New features extracted from date column
2024-05-28 19:46:47,511:INFO:Data loaded and merged
2024-05-28 19:46:47,693:INFO:Missing values handled
2024-05-29 07:01:00,145:INFO:Data loaded and merged
2024-05-29 07:01:00,270:INFO:Categorical columns identified: Index(['Date', 'StateHoliday', 'StoreType', 'Assortment', 'PromoInterval'], dtype='object')
2024-05-29 07:01:00,363:INFO:Column Date converted to numeric
2024-05-29 07:01:00,473:INFO:Column StateHoliday converted to numeric
2024-05-29 07:01:00,567:INFO:Column StoreType converted to numeric
2024-05-29 07:01:00,664:INFO:Column Assortment converted to numeric
2024-05-29 07:01:00,843:INFO:Column PromoInterval converted to numeric
2024-05-29 07:01:01,257:INFO:Data loaded and merged
2024-05-29 07:01:01,435:INFO:New features extracted from date column
2024-05-29 07:01:01,861:INFO:Data loaded and merged
2024-05-29 07:01:01,923:INFO:Missing values handled
2024-05-29 07:02:07,200:INFO:Data loaded and merged
2024-05-29 07:02:07,289:INFO:Categorical columns identified: Index(['Date', 'StateHoliday', 'StoreType', 'Assortment', 'PromoInterval'], dtype='object')
2024-05-29 07:02:07,384:INFO:Column Date converted to numeric
2024-05-29 07:02:07,497:INFO:Column StateHoliday converted to numeric
2024-05-29 07:02:07,596:INFO:Column StoreType converted to numeric
2024-05-29 07:02:07,699:INFO:Column Assortment converted to numeric
2024-05-29 07:02:07,882:INFO:Column PromoInterval converted to numeric
2024-05-29 07:02:08,306:INFO:Data loaded and merged
2024-05-29 07:02:08,481:INFO:New features extracted from date column
2024-05-29 07:02:08,901:INFO:Data loaded and merged
2024-05-29 07:02:08,960:INFO:Missing values handled
2024-05-29 07:20:12,323:INFO:Data loaded and merged
2024-05-29 07:20:12,405:INFO:Categorical columns identified: Index(['Date', 'StateHoliday', 'StoreType', 'Assortment', 'PromoInterval'], dtype='object')
2024-05-29 07:20:12,506:INFO:Column Date converted to numeric
2024-05-29 07:20:12,629:INFO:Column StateHoliday converted to numeric
2024-05-29 07:20:12,739:INFO:Column StoreType converted to numeric
2024-05-29 07:20:12,854:INFO:Column Assortment converted to numeric
2024-05-29 07:20:13,055:INFO:Column PromoInterval converted to numeric
2024-05-29 07:20:13,553:INFO:Data loaded and merged
2024-05-29 07:20:13,758:INFO:New features extracted from date column
2024-05-29 07:20:14,231:INFO:Data loaded and merged
2024-05-29 07:20:14,307:INFO:Missing values handled
2024-05-29 07:22:57,707:INFO:Data loaded and merged
2024-05-29 07:22:57,798:INFO:Categorical columns identified: Index(['Date', 'StateHoliday', 'StoreType', 'Assortment', 'PromoInterval'], dtype='object')
2024-05-29 07:22:57,892:INFO:Column Date converted to numeric and cast to int32
2024-05-29 07:22:58,004:INFO:Column StateHoliday converted to numeric and cast to int32
2024-05-29 07:22:58,107:INFO:Column StoreType converted to numeric and cast to int32
2024-05-29 07:22:58,207:INFO:Column Assortment converted to numeric and cast to int32
2024-05-29 07:22:58,391:INFO:Column PromoInterval converted to numeric and cast to int32
2024-05-29 07:22:58,857:INFO:Data loaded and merged
2024-05-29 07:22:59,035:INFO:New features extracted from date column
2024-05-29 07:22:59,443:INFO:Data loaded and merged
2024-05-29 07:22:59,505:INFO:Missing values handled
2024-05-29 07:25:03,654:INFO:Data loaded and merged
2024-05-29 07:25:03,732:INFO:Missing values handled
2024-05-29 07:25:03,832:INFO:Categorical columns identified: Index(['Date', 'StateHoliday', 'StoreType', 'Assortment', 'PromoInterval'], dtype='object')
2024-05-29 07:25:03,941:INFO:Column Date converted to numeric and cast to int32
2024-05-29 07:25:04,071:INFO:Column StateHoliday converted to numeric and cast to int32
2024-05-29 07:25:04,181:INFO:Column StoreType converted to numeric and cast to int32
2024-05-29 07:25:04,295:INFO:Column Assortment converted to numeric and cast to int32
2024-05-29 07:25:04,410:INFO:Column PromoInterval converted to numeric and cast to int32
2024-05-29 07:25:04,544:INFO:New features extracted from date column
2024-05-29 13:43:29,576:INFO:Data loaded and merged
2024-05-29 13:43:29,700:INFO:Missing values handled
2024-05-29 13:43:29,793:INFO:Categorical columns identified: Index(['Date', 'StateHoliday', 'StoreType', 'Assortment', 'PromoInterval'], dtype='object')
2024-05-29 13:43:29,902:INFO:Column Date converted to numeric and cast to int32
2024-05-29 13:43:30,029:INFO:Column StateHoliday converted to numeric and cast to int32
2024-05-29 13:43:30,153:INFO:Column StoreType converted to numeric and cast to int32
2024-05-29 13:43:30,272:INFO:Column Assortment converted to numeric and cast to int32
2024-05-29 13:43:30,387:INFO:Column PromoInterval converted to numeric and cast to int32
2024-05-29 13:43:30,525:INFO:New features extracted from date column
2024-05-29 13:45:06,030:INFO:Data loaded and merged
2024-05-29 13:45:06,098:INFO:Missing values handled
2024-05-29 13:45:06,196:INFO:Categorical columns identified: Index(['Date', 'StateHoliday', 'StoreType', 'Assortment', 'PromoInterval'], dtype='object')
2024-05-29 13:45:06,305:INFO:Column Date converted to numeric and cast to int32
2024-05-29 13:45:06,438:INFO:Column StateHoliday converted to numeric and cast to int32
2024-05-29 13:45:06,551:INFO:Column StoreType converted to numeric and cast to int32
2024-05-29 13:45:06,665:INFO:Column Assortment converted to numeric and cast to int32
2024-05-29 13:45:06,788:INFO:Column PromoInterval converted to numeric and cast to int32
2024-05-29 13:45:06,920:INFO:New features extracted from date column
2024-05-29 13:45:21,124:INFO:Data loaded and merged
2024-05-29 13:45:21,215:INFO:Categorical columns identified: Index(['Date', 'StateHoliday', 'StoreType', 'Assortment', 'PromoInterval'], dtype='object')
2024-05-29 13:45:21,314:INFO:Column Date converted to numeric and cast to int32
2024-05-29 13:45:21,429:INFO:Column StateHoliday converted to numeric and cast to int32
2024-05-29 13:45:21,533:INFO:Column StoreType converted to numeric and cast to int32
2024-05-29 13:45:21,643:INFO:Column Assortment converted to numeric and cast to int32
2024-05-29 13:45:21,832:INFO:Column PromoInterval converted to numeric and cast to int32
2024-05-29 13:45:22,285:INFO:Data loaded and merged
2024-05-29 13:45:22,522:INFO:New features extracted from date column
2024-05-29 13:45:22,936:INFO:Data loaded and merged
2024-05-29 13:45:22,999:INFO:Missing values handled
2024-05-29 17:40:47,532:INFO:Data loaded and merged
2024-05-29 17:40:47,617:INFO:Categorical columns identified: Index(['Date', 'StateHoliday', 'StoreType', 'Assortment', 'PromoInterval'], dtype='object')
2024-05-29 17:40:47,701:INFO:Column Date converted to numeric and cast to int32
2024-05-29 17:40:47,801:INFO:Column StateHoliday converted to numeric and cast to int32
2024-05-29 17:40:47,889:INFO:Column StoreType converted to numeric and cast to int32
2024-05-29 17:40:47,979:INFO:Column Assortment converted to numeric and cast to int32
2024-05-29 17:40:48,156:INFO:Column PromoInterval converted to numeric and cast to int32
2024-05-29 17:40:48,636:INFO:Data loaded and merged
2024-05-29 17:40:48,879:INFO:New features extracted from date column
2024-05-29 17:40:49,310:INFO:Data loaded and merged
2024-05-29 17:40:49,373:INFO:Missing values handled
2024-05-29 18:21:02,604:INFO:Data loaded and merged
2024-05-29 18:30:52,599:INFO:Data loaded and merged
2024-05-29 18:34:01,599:INFO:Data loaded and merged
2024-05-29 18:35:12,680:INFO:Data loaded and merged
2024-05-29 18:36:41,152:INFO:Data loaded and merged
2024-05-29 18:36:41,242:INFO:Missing values handled
2024-05-29 18:36:41,326:INFO:Categorical columns identified: Index(['Date', 'StateHoliday', 'StoreType', 'Assortment', 'PromoInterval'], dtype='object')
2024-05-29 18:36:41,424:INFO:Column Date converted to numeric and cast to int32
2024-05-29 18:36:41,535:INFO:Column StateHoliday converted to numeric and cast to int32
2024-05-29 18:36:41,636:INFO:Column StoreType converted to numeric and cast to int32
2024-05-29 18:36:41,737:INFO:Column Assortment converted to numeric and cast to int32
2024-05-29 18:36:41,844:INFO:Column PromoInterval converted to numeric and cast to int32
2024-05-29 18:37:37,105:INFO:Using categorical units to plot a list of strings that are all parsable as floats or dates. If these strings should be plotted as numbers, cast to the appropriate data type before plotting.
2024-05-29 18:37:37,403:INFO:Using categorical units to plot a list of strings that are all parsable as floats or dates. If these strings should be plotted as numbers, cast to the appropriate data type before plotting.
2024-05-29 18:37:55,080:INFO:Using categorical units to plot a list of strings that are all parsable as floats or dates. If these strings should be plotted as numbers, cast to the appropriate data type before plotting.
2024-05-29 18:37:55,372:INFO:Using categorical units to plot a list of strings that are all parsable as floats or dates. If these strings should be plotted as numbers, cast to the appropriate data type before plotting.
2024-05-29 18:38:20,960:INFO:Using categorical units to plot a list of strings that are all parsable as floats or dates. If these strings should be plotted as numbers, cast to the appropriate data type before plotting.
2024-05-29 18:38:21,270:INFO:Using categorical units to plot a list of strings that are all parsable as floats or dates. If these strings should be plotted as numbers, cast to the appropriate data type before plotting.
2024-05-29 18:38:44,122:INFO:Using categorical units to plot a list of strings that are all parsable as floats or dates. If these strings should be plotted as numbers, cast to the appropriate data type before plotting.
2024-05-29 18:38:44,386:INFO:Using categorical units to plot a list of strings that are all parsable as floats or dates. If these strings should be plotted as numbers, cast to the appropriate data type before plotting.
2024-05-29 21:11:02,260:INFO:Data loaded and merged
2024-05-29 21:11:02,347:INFO:Categorical columns identified: Index(['Date', 'StateHoliday', 'StoreType', 'Assortment', 'PromoInterval'], dtype='object')
2024-05-29 21:11:02,444:INFO:Column Date converted to numeric and cast to int32
2024-05-29 21:11:02,558:INFO:Column StateHoliday converted to numeric and cast to int32
2024-05-29 21:11:02,660:INFO:Column StoreType converted to numeric and cast to int32
2024-05-29 21:11:02,762:INFO:Column Assortment converted to numeric and cast to int32
2024-05-29 21:11:02,952:INFO:Column PromoInterval converted to numeric and cast to int32
2024-05-29 21:11:03,397:INFO:Data loaded and merged
2024-05-29 21:11:03,597:INFO:New features extracted from date column
2024-05-29 21:11:04,008:INFO:Data loaded and merged
2024-05-29 21:11:04,089:INFO:Missing values handled
2024-05-29 21:16:10,960:INFO:Data loaded and merged
2024-05-29 21:16:11,024:INFO:Missing values handled
2024-05-29 21:16:11,118:INFO:Categorical columns identified: Index(['Date', 'StateHoliday', 'StoreType', 'Assortment', 'PromoInterval'], dtype='object')
2024-05-29 21:16:11,210:INFO:Column Date converted to numeric and cast to int32
2024-05-29 21:16:11,317:INFO:Column StateHoliday converted to numeric and cast to int32
2024-05-29 21:16:11,412:INFO:Column StoreType converted to numeric and cast to int32
2024-05-29 21:16:11,509:INFO:Column Assortment converted to numeric and cast to int32
2024-05-29 21:16:11,602:INFO:Column PromoInterval converted to numeric and cast to int32
2024-05-29 21:16:43,514:INFO:Using categorical units to plot a list of strings that are all parsable as floats or dates. If these strings should be plotted as numbers, cast to the appropriate data type before plotting.
2024-05-29 21:16:43,806:INFO:Using categorical units to plot a list of strings that are all parsable as floats or dates. If these strings should be plotted as numbers, cast to the appropriate data type before plotting.
2024-05-29 21:16:47,829:INFO:Using categorical units to plot a list of strings that are all parsable as floats or dates. If these strings should be plotted as numbers, cast to the appropriate data type before plotting.
2024-05-29 21:16:48,120:INFO:Using categorical units to plot a list of strings that are all parsable as floats or dates. If these strings should be plotted as numbers, cast to the appropriate data type before plotting.
2024-05-29 21:16:56,732:INFO:Using categorical units to plot a list of strings that are all parsable as floats or dates. If these strings should be plotted as numbers, cast to the appropriate data type before plotting.
2024-05-29 21:16:57,018:INFO:Using categorical units to plot a list of strings that are all parsable as floats or dates. If these strings should be plotted as numbers, cast to the appropriate data type before plotting.
2024-05-29 21:17:02,480:INFO:Using categorical units to plot a list of strings that are all parsable as floats or dates. If these strings should be plotted as numbers, cast to the appropriate data type before plotting.
2024-05-29 21:17:02,744:INFO:Using categorical units to plot a list of strings that are all parsable as floats or dates. If these strings should be plotted as numbers, cast to the appropriate data type before plotting.
2024-05-29 21:19:06,847:INFO:Data loaded and merged
2024-05-29 21:19:06,932:INFO:Categorical columns identified: Index(['Date', 'StateHoliday', 'StoreType', 'Assortment', 'PromoInterval'], dtype='object')
2024-05-29 21:19:07,024:INFO:Column Date converted to numeric and cast to int32
2024-05-29 21:19:07,130:INFO:Column StateHoliday converted to numeric and cast to int32
2024-05-29 21:19:07,232:INFO:Column StoreType converted to numeric and cast to int32
2024-05-29 21:19:07,339:INFO:Column Assortment converted to numeric and cast to int32
2024-05-29 21:19:07,516:INFO:Column PromoInterval converted to numeric and cast to int32
2024-05-29 21:19:07,940:INFO:Data loaded and merged
2024-05-29 21:19:08,115:INFO:New features extracted from date column
2024-05-29 21:19:08,501:INFO:Data loaded and merged
2024-05-29 21:19:08,559:INFO:Missing values handled
2024-05-30 10:41:32,887:INFO:Data loaded and merged
2024-05-30 10:41:33,423:INFO:Missing values handled
2024-05-30 10:41:33,511:INFO:Categorical columns identified: Index(['Date', 'StateHoliday', 'StoreType', 'Assortment', 'PromoInterval'], dtype='object')
2024-05-30 10:41:33,625:INFO:Column Date converted to numeric and cast to int32
2024-05-30 10:41:33,736:INFO:Column StateHoliday converted to numeric and cast to int32
2024-05-30 10:41:33,832:INFO:Column StoreType converted to numeric and cast to int32
2024-05-30 10:41:33,928:INFO:Column Assortment converted to numeric and cast to int32
2024-05-30 10:41:34,028:INFO:Column PromoInterval converted to numeric and cast to int32
2024-05-30 10:41:35,300:INFO:New features extracted from date column
2024-05-30 11:20:48,931:INFO:Data loaded and merged
2024-05-30 11:20:49,013:INFO:Missing values handled
2024-05-30 11:20:49,097:INFO:Categorical columns identified: Index(['Date', 'StateHoliday', 'StoreType', 'Assortment', 'PromoInterval'], dtype='object')
2024-05-30 11:20:49,192:INFO:Column Date converted to numeric and cast to int32
2024-05-30 11:20:49,303:INFO:Column StateHoliday converted to numeric and cast to int32
2024-05-30 11:20:49,413:INFO:Column StoreType converted to numeric and cast to int32
2024-05-30 11:20:49,532:INFO:Column Assortment converted to numeric and cast to int32
2024-05-30 11:20:49,654:INFO:Column PromoInterval converted to numeric and cast to int32
2024-05-30 11:20:49,859:INFO:New features extracted from date column
2024-05-30 11:30:56,573:INFO:Data loaded and merged
2024-05-30 11:30:56,651:INFO:Missing values handled
2024-05-30 11:30:56,733:INFO:Categorical columns identified: Index(['Date', 'StateHoliday', 'StoreType', 'Assortment', 'PromoInterval'], dtype='object')
2024-05-30 11:30:56,824:INFO:Column Date converted to numeric and cast to int32
2024-05-30 11:30:56,933:INFO:Column StateHoliday converted to numeric and cast to int32
2024-05-30 11:30:57,032:INFO:Column StoreType converted to numeric and cast to int32
2024-05-30 11:30:57,136:INFO:Column Assortment converted to numeric and cast to int32
2024-05-30 11:30:57,230:INFO:Column PromoInterval converted to numeric and cast to int32
2024-05-30 11:30:57,340:INFO:New features extracted from date column
2024-05-30 12:06:21,913:INFO:Data loaded and merged
2024-05-30 12:06:21,989:INFO:Missing values handled
2024-05-30 12:06:22,073:INFO:Categorical columns identified: Index(['Date', 'StateHoliday', 'StoreType', 'Assortment', 'PromoInterval'], dtype='object')
2024-05-30 12:06:22,169:INFO:Column Date converted to numeric and cast to int32
2024-05-30 12:06:22,278:INFO:Column StateHoliday converted to numeric and cast to int32
2024-05-30 12:06:22,412:INFO:Column StoreType converted to numeric and cast to int32
2024-05-30 12:06:22,509:INFO:Column Assortment converted to numeric and cast to int32
2024-05-30 12:06:22,606:INFO:Column PromoInterval converted to numeric and cast to int32
2024-05-30 12:06:22,757:INFO:New features extracted from date column
2024-05-30 16:21:10,208:INFO:Data loaded and merged
2024-05-30 16:21:10,298:INFO:Missing values handled
2024-05-30 16:21:10,397:INFO:Categorical columns identified: Index(['Date', 'StateHoliday', 'StoreType', 'Assortment', 'PromoInterval'], dtype='object')
2024-05-30 16:21:10,494:INFO:Column Date converted to numeric and cast to int32
2024-05-30 16:21:10,609:INFO:Column StateHoliday converted to numeric and cast to int32
2024-05-30 16:21:10,711:INFO:Column StoreType converted to numeric and cast to int32
2024-05-30 16:21:10,815:INFO:Column Assortment converted to numeric and cast to int32
2024-05-30 16:21:10,918:INFO:Column PromoInterval converted to numeric and cast to int32
2024-05-30 16:21:11,040:INFO:New features extracted from date column
2024-05-30 19:01:14,736:INFO:Data loaded and merged
2024-05-30 19:01:15,182:INFO:Missing values handled
2024-05-30 19:01:15,277:INFO:Categorical columns identified: Index(['Date', 'StateHoliday', 'StoreType', 'Assortment', 'PromoInterval'], dtype='object')
2024-05-30 19:01:15,378:INFO:Column Date converted to numeric and cast to int32
2024-05-30 19:01:15,498:INFO:Column StateHoliday converted to numeric and cast to int32
2024-05-30 19:01:15,604:INFO:Column StoreType converted to numeric and cast to int32
2024-05-30 19:01:15,712:INFO:Column Assortment converted to numeric and cast to int32
2024-05-30 19:01:15,830:INFO:Column PromoInterval converted to numeric and cast to int32
2024-05-30 19:01:15,991:INFO:New features extracted from date column
2024-06-01 08:49:24,561:INFO:Data loaded from train, test, and store files
2024-06-01 08:49:25,059:INFO:Data merged with store data
2024-06-01 08:50:38,742:INFO:Data loaded from train, test, and store files
2024-06-01 08:50:38,851:INFO:Data merged with store data
2024-06-01 08:50:39,058:INFO:New features extracted from date column
2024-06-01 08:50:39,068:INFO:New features extracted from date column
2024-06-01 08:53:44,302:INFO:Data loaded from train, test, and store files
2024-06-01 08:53:44,408:INFO:Data merged with store data
2024-06-01 08:53:44,568:INFO:New features extracted from date column
2024-06-01 08:53:44,577:INFO:New features extracted from date column
2024-06-01 08:56:34,456:INFO:New features extracted from date column
2024-06-01 08:56:34,464:INFO:New features extracted from date column
2024-06-01 08:58:23,558:INFO:New features extracted from date column
2024-06-01 08:58:23,569:INFO:New features extracted from date column
2024-06-01 08:58:23,623:INFO:Missing values handled
2024-06-01 08:58:23,626:INFO:Missing values handled
2024-06-01 08:58:23,706:INFO:Categorical columns identified: Index(['StateHoliday', 'StoreType', 'Assortment', 'PromoInterval'], dtype='object')
2024-06-01 08:58:23,807:INFO:Column StateHoliday converted to numeric and cast to int32
2024-06-01 08:58:23,896:INFO:Column StoreType converted to numeric and cast to int32
2024-06-01 08:58:23,989:INFO:Column Assortment converted to numeric and cast to int32
2024-06-01 08:58:24,084:INFO:Column PromoInterval converted to numeric and cast to int32
2024-06-01 08:58:24,086:INFO:Categorical columns identified: Index(['StateHoliday', 'StoreType', 'Assortment', 'PromoInterval'], dtype='object')
2024-06-01 08:58:24,090:INFO:Column StateHoliday converted to numeric and cast to int32
2024-06-01 08:58:24,093:INFO:Column StoreType converted to numeric and cast to int32
2024-06-01 08:58:24,097:INFO:Column Assortment converted to numeric and cast to int32
2024-06-01 08:58:24,101:INFO:Column PromoInterval converted to numeric and cast to int32
2024-06-01 08:58:24,101:INFO:Data preprocessing complete
2024-06-01 08:58:28,225:INFO:Processed data saved to CSV files
2024-06-01 09:19:32,998:INFO:Data loaded and merged
2024-06-01 09:19:33,063:INFO:Missing values handled
2024-06-01 09:19:33,129:INFO:Categorical columns identified: Index(['StateHoliday', 'StoreType', 'Assortment', 'PromoInterval'], dtype='object')
2024-06-01 09:19:33,225:INFO:Column StateHoliday converted to numeric and cast to int32
2024-06-01 09:19:33,321:INFO:Column StoreType converted to numeric and cast to int32
2024-06-01 09:19:33,409:INFO:Column Assortment converted to numeric and cast to int32
2024-06-01 09:19:33,501:INFO:Column PromoInterval converted to numeric and cast to int32
2024-06-01 09:19:33,620:INFO:New features extracted from date column
2024-06-01 09:19:58,972:INFO:Using categorical units to plot a list of strings that are all parsable as floats or dates. If these strings should be plotted as numbers, cast to the appropriate data type before plotting.
2024-06-01 09:20:00,346:INFO:Using categorical units to plot a list of strings that are all parsable as floats or dates. If these strings should be plotted as numbers, cast to the appropriate data type before plotting.
2024-06-01 09:20:02,661:INFO:Using categorical units to plot a list of strings that are all parsable as floats or dates. If these strings should be plotted as numbers, cast to the appropriate data type before plotting.
2024-06-01 09:20:02,948:INFO:Using categorical units to plot a list of strings that are all parsable as floats or dates. If these strings should be plotted as numbers, cast to the appropriate data type before plotting.
2024-06-01 09:20:05,136:INFO:Using categorical units to plot a list of strings that are all parsable as floats or dates. If these strings should be plotted as numbers, cast to the appropriate data type before plotting.
2024-06-01 09:20:05,412:INFO:Using categorical units to plot a list of strings that are all parsable as floats or dates. If these strings should be plotted as numbers, cast to the appropriate data type before plotting.
